<?xml version="1.0" encoding="UTF-8"?>
<coverage generated="1747878973362" clover="3.2.0">
  <project timestamp="1747878973362" name="All files">
    <metrics statements="13" coveredstatements="13" conditionals="0" coveredconditionals="0" methods="1" coveredmethods="1" elements="14" coveredelements="14" complexity="0" loc="13" ncloc="13" packages="2" files="2" classes="2"/>
    <package name="components.ui">
      <metrics statements="9" coveredstatements="9" conditionals="0" coveredconditionals="0" methods="0" coveredmethods="0"/>
      <file name="card.tsx" path="/app/components/ui/card.tsx">
        <metrics statements="9" coveredstatements="9" conditionals="0" coveredconditionals="0" methods="0" coveredmethods="0"/>
        <line num="1" count="1" type="stmt"/>
        <line num="3" count="1" type="stmt"/>
        <line num="18" count="1" type="stmt"/>
        <line num="30" count="1" type="stmt"/>
        <line num="45" count="1" type="stmt"/>
        <line num="57" count="1" type="stmt"/>
        <line num="65" count="1" type="stmt"/>
        <line num="77" count="1" type="stmt"/>
        <line num="79" count="5" type="stmt"/>
      </file>
    </package>
    <package name="lib">
      <metrics statements="4" coveredstatements="4" conditionals="0" coveredconditionals="0" methods="1" coveredmethods="1"/>
      <file name="utils.ts" path="/app/lib/utils.ts">
        <metrics statements="4" coveredstatements="4" conditionals="0" coveredconditionals="0" methods="1" coveredmethods="1"/>
        <line num="1" count="2" type="stmt"/>
        <line num="2" count="2" type="stmt"/>
        <line num="4" count="41" type="stmt"/>
        <line num="5" count="41" type="stmt"/>
      </file>
    </package>
  </project>
</coverage>
